<?xml version="1.0" encoding="UTF-8"?>
<!-- Generated by org.testng.reporters.JUnitReportReporter -->
<testsuite hostname="Atishay" name="com.atishay.tests.RenderPageTest" tests="1" failures="0" timestamp="29 Jun 2015 16:33:26 GMT" time="4.400" errors="0">
  <testcase name="correctPageLoaded" time="4.400" classname="com.atishay.tests.RenderPageTest"/>
</testsuite> <!-- com.atishay.tests.RenderPageTest -->
